[0.018s] Invoking command in '/home/spacexpedition/cashier_system_ws/build/cashier_system': /usr/bin/cmake /home/spacexpedition/cashier_system_ws/src/cashier_system -DCMAKE_INSTALL_PREFIX=/home/spacexpedition/cashier_system_ws/install/cashier_system
[0.112s] -- The C compiler identification is GNU 11.4.0
[0.215s] -- The CXX compiler identification is GNU 11.4.0
[0.228s] -- Detecting C compiler ABI info
[0.345s] -- Detecting C compiler ABI info - done
[0.360s] -- Check for working C compiler: /usr/bin/cc - skipped
[0.360s] -- Detecting C compile features
[0.361s] -- Detecting C compile features - done
[0.368s] -- Detecting CXX compiler ABI info
[0.507s] -- Detecting CXX compiler ABI info - done
[0.522s] -- Check for working CXX compiler: /usr/bin/c++ - skipped
[0.523s] -- Detecting CXX compile features
[0.524s] -- Detecting CXX compile features - done
[0.528s] -- Found ament_cmake: 1.3.11 (/opt/ros/humble/share/ament_cmake/cmake)
[0.818s] -- Found Python3: /usr/bin/python3 (found version "3.10.12") found components: Interpreter 
[0.979s] -- Found rclcpp: 16.0.11 (/opt/ros/humble/share/rclcpp/cmake)
[1.053s] -- Found rosidl_generator_c: 3.1.6 (/opt/ros/humble/share/rosidl_generator_c/cmake)
[1.061s] -- Found rosidl_adapter: 3.1.6 (/opt/ros/humble/share/rosidl_adapter/cmake)
[1.076s] -- Found rosidl_generator_cpp: 3.1.6 (/opt/ros/humble/share/rosidl_generator_cpp/cmake)
[1.100s] -- Using all available rosidl_typesupport_c: rosidl_typesupport_fastrtps_c;rosidl_typesupport_introspection_c
[1.128s] -- Using all available rosidl_typesupport_cpp: rosidl_typesupport_fastrtps_cpp;rosidl_typesupport_introspection_cpp
[1.207s] -- Found rmw_implementation_cmake: 6.1.2 (/opt/ros/humble/share/rmw_implementation_cmake/cmake)
[1.212s] -- Found rmw_fastrtps_cpp: 6.2.7 (/opt/ros/humble/share/rmw_fastrtps_cpp/cmake)
[1.356s] -- Found OpenSSL: /usr/lib/x86_64-linux-gnu/libcrypto.so (found version "3.0.2")  
[1.405s] -- Found FastRTPS: /opt/ros/humble/include  
[1.478s] -- Using RMW implementation 'rmw_fastrtps_cpp' as default
[1.492s] -- Looking for pthread.h
[1.614s] -- Looking for pthread.h - found
[1.615s] -- Performing Test CMAKE_HAVE_LIBC_PTHREAD
[1.741s] -- Performing Test CMAKE_HAVE_LIBC_PTHREAD - Success
[1.743s] -- Found Threads: TRUE  
[1.843s] -- Found rosidl_default_generators: 1.2.0 (/opt/ros/humble/share/rosidl_default_generators/cmake)
[1.860s] [31mCMake Error at /opt/ros/humble/share/rosidl_cmake/cmake/rosidl_generate_interfaces.cmake:59 (message):
[1.860s]   rosidl_generate_interfaces() called without any interface files
[1.860s] Call Stack (most recent call first):
[1.860s]   CMakeLists.txt:15 (rosidl_generate_interfaces)
[1.861s] 
[1.861s] [0m
[1.861s] -- Configuring incomplete, errors occurred!
[1.861s] See also "/home/spacexpedition/cashier_system_ws/build/cashier_system/CMakeFiles/CMakeOutput.log".
[1.873s] Invoked command in '/home/spacexpedition/cashier_system_ws/build/cashier_system' returned '1': /usr/bin/cmake /home/spacexpedition/cashier_system_ws/src/cashier_system -DCMAKE_INSTALL_PREFIX=/home/spacexpedition/cashier_system_ws/install/cashier_system
