[0.043s] Invoking command in '/home/spacexpedition/cashier_system_ws/src/cashier_system/build/cashier_system': CMAKE_PREFIX_PATH=/opt/ros/humble /usr/bin/cmake /home/spacexpedition/cashier_system_ws/src/cashier_system -DCMAKE_INSTALL_PREFIX=/home/spacexpedition/cashier_system_ws/src/cashier_system/install/cashier_system
[0.806s] -- The C compiler identification is GNU 11.4.0
[1.123s] -- The CXX compiler identification is GNU 11.4.0
[1.146s] -- Detecting C compiler ABI info
[1.428s] -- Detecting C compiler ABI info - done
[1.459s] -- Check for working C compiler: /usr/bin/cc - skipped
[1.461s] -- Detecting C compile features
[1.556s] -- Detecting C compile features - done
[1.567s] -- Detecting CXX compiler ABI info
[1.783s] -- Detecting CXX compiler ABI info - done
[1.807s] -- Check for working CXX compiler: /usr/bin/c++ - skipped
[1.808s] -- Detecting CXX compile features
[1.809s] -- Detecting CXX compile features - done
[1.889s] -- Found ament_cmake: 1.3.11 (/opt/ros/humble/share/ament_cmake/cmake)
[2.524s] -- Found Python3: /usr/bin/python3 (found version "3.10.12") found components: Interpreter 
[2.965s] -- Found rclcpp: 16.0.11 (/opt/ros/humble/share/rclcpp/cmake)
[3.206s] -- Found rosidl_generator_c: 3.1.6 (/opt/ros/humble/share/rosidl_generator_c/cmake)
[3.229s] -- Found rosidl_adapter: 3.1.6 (/opt/ros/humble/share/rosidl_adapter/cmake)
[3.295s] -- Found rosidl_generator_cpp: 3.1.6 (/opt/ros/humble/share/rosidl_generator_cpp/cmake)
[3.365s] -- Using all available rosidl_typesupport_c: rosidl_typesupport_fastrtps_c;rosidl_typesupport_introspection_c
[3.462s] -- Using all available rosidl_typesupport_cpp: rosidl_typesupport_fastrtps_cpp;rosidl_typesupport_introspection_cpp
[3.684s] -- Found rmw_implementation_cmake: 6.1.2 (/opt/ros/humble/share/rmw_implementation_cmake/cmake)
[3.694s] -- Found rmw_fastrtps_cpp: 6.2.7 (/opt/ros/humble/share/rmw_fastrtps_cpp/cmake)
[4.032s] -- Found OpenSSL: /usr/lib/x86_64-linux-gnu/libcrypto.so (found version "3.0.2")  
[4.112s] -- Found FastRTPS: /opt/ros/humble/include  
[4.213s] -- Using RMW implementation 'rmw_fastrtps_cpp' as default
[4.312s] -- Looking for pthread.h
[4.565s] -- Looking for pthread.h - found
[4.565s] -- Performing Test CMAKE_HAVE_LIBC_PTHREAD
[4.953s] -- Performing Test CMAKE_HAVE_LIBC_PTHREAD - Success
[4.957s] -- Found Threads: TRUE  
[5.462s] [31mCMake Error at CMakeLists.txt:11 (target_link_libraries):
[5.462s]   Syntax error in cmake code at
[5.463s] 
[5.463s]     /home/spacexpedition/cashier_system_ws/src/cashier_system/CMakeLists.txt:11
[5.463s] 
[5.463s]   when parsing string
[5.470s] 
[5.470s]     ${cashier_system
[5.471s] 
[5.475s]   There is an unterminated variable reference.
[5.476s] 
[5.476s] [0m
[5.476s] -- Configuring incomplete, errors occurred!
[5.476s] See also "/home/spacexpedition/cashier_system_ws/src/cashier_system/build/cashier_system/CMakeFiles/CMakeOutput.log".
[5.508s] Invoked command in '/home/spacexpedition/cashier_system_ws/src/cashier_system/build/cashier_system' returned '1': CMAKE_PREFIX_PATH=/opt/ros/humble /usr/bin/cmake /home/spacexpedition/cashier_system_ws/src/cashier_system -DCMAKE_INSTALL_PREFIX=/home/spacexpedition/cashier_system_ws/src/cashier_system/install/cashier_system
