[0.353s] DEBUG:colcon:Command line arguments: ['/usr/bin/colcon', 'build']
[0.354s] DEBUG:colcon:Parsed command line arguments: Namespace(log_base=None, log_level=None, verb_name='build', build_base='build', install_base='install', merge_install=False, symlink_install=False, test_result_base=None, continue_on_error=False, executor='parallel', parallel_workers=4, event_handlers=None, ignore_user_meta=False, metas=['./colcon.meta'], base_paths=['.'], packages_ignore=None, packages_ignore_regex=None, paths=None, packages_up_to=None, packages_up_to_regex=None, packages_above=None, packages_above_and_dependencies=None, packages_above_depth=None, packages_select_by_dep=None, packages_skip_by_dep=None, packages_skip_up_to=None, packages_select_build_failed=False, packages_skip_build_finished=False, packages_select_test_failures=False, packages_skip_test_passed=False, packages_select=None, packages_skip=None, packages_select_regex=None, packages_skip_regex=None, packages_start=None, packages_end=None, allow_overriding=[], cmake_args=None, cmake_target=None, cmake_target_skip_unavailable=False, cmake_clean_cache=False, cmake_clean_first=False, cmake_force_configure=False, ament_cmake_args=None, catkin_cmake_args=None, catkin_skip_building_tests=False, mixin_files=None, mixin=None, verb_parser=<colcon_mixin.mixin.mixin_argument.MixinArgumentDecorator object at 0x7ebaf11b5f60>, verb_extension=<colcon_core.verb.build.BuildVerb object at 0x7ebaf1342e90>, main=<bound method BuildVerb.main of <colcon_core.verb.build.BuildVerb object at 0x7ebaf1342e90>>, mixin_verb=('build',))
[0.882s] Level 1:colcon.colcon_core.package_discovery:discover_packages(colcon_meta) check parameters
[0.882s] Level 1:colcon.colcon_core.package_discovery:discover_packages(recursive) check parameters
[0.882s] Level 1:colcon.colcon_core.package_discovery:discover_packages(ignore) check parameters
[0.882s] Level 1:colcon.colcon_core.package_discovery:discover_packages(path) check parameters
[0.883s] Level 1:colcon.colcon_core.package_discovery:discover_packages(colcon_meta) discover
[0.883s] Level 1:colcon.colcon_core.package_discovery:discover_packages(recursive) discover
[0.883s] INFO:colcon.colcon_core.package_discovery:Crawling recursively for packages in '/home/spacexpedition/cashier_system_ws/src/cashier_system'
[0.883s] Level 1:colcon.colcon_core.package_identification:_identify(.) by extensions ['ignore', 'ignore_ament_install']
[0.884s] Level 1:colcon.colcon_core.package_identification:_identify(.) by extension 'ignore'
[0.884s] Level 1:colcon.colcon_core.package_identification:_identify(.) by extension 'ignore_ament_install'
[0.885s] Level 1:colcon.colcon_core.package_identification:_identify(.) by extensions ['colcon_pkg']
[0.885s] Level 1:colcon.colcon_core.package_identification:_identify(.) by extension 'colcon_pkg'
[0.885s] Level 1:colcon.colcon_core.package_identification:_identify(.) by extensions ['colcon_meta']
[0.885s] Level 1:colcon.colcon_core.package_identification:_identify(.) by extension 'colcon_meta'
[0.885s] Level 1:colcon.colcon_core.package_identification:_identify(.) by extensions ['ros']
[0.885s] Level 1:colcon.colcon_core.package_identification:_identify(.) by extension 'ros'
[0.936s] DEBUG:colcon.colcon_core.package_identification:Package '.' with type 'ros.ament_cmake' and name 'cashier_system'
[0.937s] Level 1:colcon.colcon_core.package_discovery:discover_packages(recursive) using defaults
[0.937s] Level 1:colcon.colcon_core.package_discovery:discover_packages(ignore) discover
[0.937s] Level 1:colcon.colcon_core.package_discovery:discover_packages(ignore) using defaults
[0.937s] Level 1:colcon.colcon_core.package_discovery:discover_packages(path) discover
[0.937s] Level 1:colcon.colcon_core.package_discovery:discover_packages(path) using defaults
[1.008s] Level 1:colcon.colcon_core.package_discovery:discover_packages(prefix_path) check parameters
[1.008s] Level 1:colcon.colcon_core.package_discovery:discover_packages(prefix_path) discover
[1.041s] DEBUG:colcon.colcon_installed_package_information.package_discovery:Found 294 installed packages in /opt/ros/humble
[1.045s] Level 1:colcon.colcon_core.package_discovery:discover_packages(prefix_path) using defaults
[1.158s] Level 5:colcon.colcon_core.verb:set package 'cashier_system' build argument 'cmake_args' from command line to 'None'
[1.158s] Level 5:colcon.colcon_core.verb:set package 'cashier_system' build argument 'cmake_target' from command line to 'None'
[1.158s] Level 5:colcon.colcon_core.verb:set package 'cashier_system' build argument 'cmake_target_skip_unavailable' from command line to 'False'
[1.158s] Level 5:colcon.colcon_core.verb:set package 'cashier_system' build argument 'cmake_clean_cache' from command line to 'False'
[1.158s] Level 5:colcon.colcon_core.verb:set package 'cashier_system' build argument 'cmake_clean_first' from command line to 'False'
[1.158s] Level 5:colcon.colcon_core.verb:set package 'cashier_system' build argument 'cmake_force_configure' from command line to 'False'
[1.158s] Level 5:colcon.colcon_core.verb:set package 'cashier_system' build argument 'ament_cmake_args' from command line to 'None'
[1.158s] Level 5:colcon.colcon_core.verb:set package 'cashier_system' build argument 'catkin_cmake_args' from command line to 'None'
[1.158s] Level 5:colcon.colcon_core.verb:set package 'cashier_system' build argument 'catkin_skip_building_tests' from command line to 'False'
[1.158s] DEBUG:colcon.colcon_core.verb:Building package 'cashier_system' with the following arguments: {'ament_cmake_args': None, 'build_base': '/home/spacexpedition/cashier_system_ws/src/cashier_system/build/cashier_system', 'catkin_cmake_args': None, 'catkin_skip_building_tests': False, 'cmake_args': None, 'cmake_clean_cache': False, 'cmake_clean_first': False, 'cmake_force_configure': False, 'cmake_target': None, 'cmake_target_skip_unavailable': False, 'install_base': '/home/spacexpedition/cashier_system_ws/src/cashier_system/install/cashier_system', 'merge_install': False, 'path': '/home/spacexpedition/cashier_system_ws/src/cashier_system', 'symlink_install': False, 'test_result_base': None}
[1.159s] INFO:colcon.colcon_core.executor:Executing jobs using 'parallel' executor
[1.161s] DEBUG:colcon.colcon_parallel_executor.executor.parallel:run_until_complete
[1.161s] INFO:colcon.colcon_ros.task.ament_cmake.build:Building ROS package in '/home/spacexpedition/cashier_system_ws/src/cashier_system' with build type 'ament_cmake'
[1.162s] INFO:colcon.colcon_cmake.task.cmake.build:Building CMake package in '/home/spacexpedition/cashier_system_ws/src/cashier_system'
[1.186s] INFO:colcon.colcon_core.plugin_system:Skipping extension 'colcon_core.shell.bat': Not used on non-Windows systems
[1.186s] INFO:colcon.colcon_core.shell:Skip shell extension 'powershell' for command environment: Not usable outside of PowerShell
[1.186s] DEBUG:colcon.colcon_core.shell:Skip shell extension 'dsv' for command environment
[1.205s] DEBUG:colcon.colcon_core.event_handler.log_command:Invoking command in '/home/spacexpedition/cashier_system_ws/src/cashier_system/build/cashier_system': CMAKE_PREFIX_PATH=/opt/ros/humble /usr/bin/cmake /home/spacexpedition/cashier_system_ws/src/cashier_system -DCMAKE_INSTALL_PREFIX=/home/spacexpedition/cashier_system_ws/src/cashier_system/install/cashier_system
[6.670s] DEBUG:colcon.colcon_core.event_handler.log_command:Invoked command in '/home/spacexpedition/cashier_system_ws/src/cashier_system/build/cashier_system' returned '1': CMAKE_PREFIX_PATH=/opt/ros/humble /usr/bin/cmake /home/spacexpedition/cashier_system_ws/src/cashier_system -DCMAKE_INSTALL_PREFIX=/home/spacexpedition/cashier_system_ws/src/cashier_system/install/cashier_system
[6.709s] Level 1:colcon.colcon_core.environment:create_environment_scripts_only(cashier_system)
[6.757s] Level 1:colcon.colcon_core.environment:checking '/home/spacexpedition/cashier_system_ws/src/cashier_system/install/cashier_system' for CMake module files
[6.761s] Level 1:colcon.colcon_core.environment:checking '/home/spacexpedition/cashier_system_ws/src/cashier_system/install/cashier_system' for CMake config files
[6.762s] Level 1:colcon.colcon_core.environment:checking '/home/spacexpedition/cashier_system_ws/src/cashier_system/install/cashier_system/bin'
[6.763s] Level 1:colcon.colcon_core.environment:checking '/home/spacexpedition/cashier_system_ws/src/cashier_system/install/cashier_system/lib/pkgconfig/cashier_system.pc'
[6.764s] Level 1:colcon.colcon_core.environment:checking '/home/spacexpedition/cashier_system_ws/src/cashier_system/install/cashier_system/lib/python3.10/site-packages'
[6.765s] Level 1:colcon.colcon_core.environment:checking '/home/spacexpedition/cashier_system_ws/src/cashier_system/install/cashier_system/bin'
[6.768s] INFO:colcon.colcon_core.shell:Creating package script '/home/spacexpedition/cashier_system_ws/src/cashier_system/install/cashier_system/share/cashier_system/package.ps1'
[6.776s] INFO:colcon.colcon_core.shell:Creating package descriptor '/home/spacexpedition/cashier_system_ws/src/cashier_system/install/cashier_system/share/cashier_system/package.dsv'
[6.785s] INFO:colcon.colcon_core.shell:Creating package script '/home/spacexpedition/cashier_system_ws/src/cashier_system/install/cashier_system/share/cashier_system/package.sh'
[6.788s] INFO:colcon.colcon_core.shell:Creating package script '/home/spacexpedition/cashier_system_ws/src/cashier_system/install/cashier_system/share/cashier_system/package.bash'
[6.806s] INFO:colcon.colcon_core.shell:Creating package script '/home/spacexpedition/cashier_system_ws/src/cashier_system/install/cashier_system/share/cashier_system/package.zsh'
[6.816s] Level 1:colcon.colcon_core.environment:create_file_with_runtime_dependencies(/home/spacexpedition/cashier_system_ws/src/cashier_system/install/cashier_system/share/colcon-core/packages/cashier_system)
[6.827s] DEBUG:colcon.colcon_parallel_executor.executor.parallel:closing loop
[6.828s] DEBUG:colcon.colcon_parallel_executor.executor.parallel:loop closed
[6.828s] DEBUG:colcon.colcon_parallel_executor.executor.parallel:run_until_complete finished with '1'
[6.828s] DEBUG:colcon.colcon_core.event_reactor:joining thread
[6.901s] INFO:colcon.colcon_core.plugin_system:Skipping extension 'colcon_notification.desktop_notification.terminal_notifier': Not used on non-Darwin systems
[6.901s] INFO:colcon.colcon_core.plugin_system:Skipping extension 'colcon_notification.desktop_notification.win32': Not used on non-Windows systems
[6.903s] INFO:colcon.colcon_notification.desktop_notification:Sending desktop notification using 'notify2'
[6.997s] DEBUG:colcon.colcon_core.event_reactor:joined thread
[6.998s] INFO:colcon.colcon_core.shell:Creating prefix script '/home/spacexpedition/cashier_system_ws/src/cashier_system/install/local_setup.ps1'
[7.010s] INFO:colcon.colcon_core.shell:Creating prefix util module '/home/spacexpedition/cashier_system_ws/src/cashier_system/install/_local_setup_util_ps1.py'
[7.016s] INFO:colcon.colcon_core.shell:Creating prefix chain script '/home/spacexpedition/cashier_system_ws/src/cashier_system/install/setup.ps1'
[7.020s] INFO:colcon.colcon_core.shell:Creating prefix script '/home/spacexpedition/cashier_system_ws/src/cashier_system/install/local_setup.sh'
[7.025s] INFO:colcon.colcon_core.shell:Creating prefix util module '/home/spacexpedition/cashier_system_ws/src/cashier_system/install/_local_setup_util_sh.py'
[7.027s] INFO:colcon.colcon_core.shell:Creating prefix chain script '/home/spacexpedition/cashier_system_ws/src/cashier_system/install/setup.sh'
[7.032s] INFO:colcon.colcon_core.shell:Creating prefix script '/home/spacexpedition/cashier_system_ws/src/cashier_system/install/local_setup.bash'
[7.034s] INFO:colcon.colcon_core.shell:Creating prefix chain script '/home/spacexpedition/cashier_system_ws/src/cashier_system/install/setup.bash'
[7.038s] INFO:colcon.colcon_core.shell:Creating prefix script '/home/spacexpedition/cashier_system_ws/src/cashier_system/install/local_setup.zsh'
[7.041s] INFO:colcon.colcon_core.shell:Creating prefix chain script '/home/spacexpedition/cashier_system_ws/src/cashier_system/install/setup.zsh'
